<?xml version="1.0" encoding="UTF-8"?>
<testsuite xmlns:xsi="http://www.w3.org/2001/XMLSchema-instance" xsi:noNamespaceSchemaLocation="https://maven.apache.org/surefire/maven-surefire-plugin/xsd/surefire-test-report-3.0.xsd" version="3.0" name="com.blitzlines.streams.topology.EVOpportunityTopologyTest" time="0.772" tests="7" errors="0" skipped="0" failures="0">
  <properties>
[...]
</properties>
  <testcase name="testMultipleSoftBooks" classname="com.blitzlines.streams.topology.EVOpportunityTopologyTest" time="0.322">
    <system-out><![CDATA[2025-12-16 22:28:22.126 [main] INFO  c.b.s.topology.EVOpportunityTopology - Building odds join topology...
2025-12-16 22:28:22.128 [main] INFO  c.b.s.topology.EVOpportunityTopology - Creating KTable for topic: pinny-transformed with store: pinnacle-store
2025-12-16 22:28:22.137 [main] INFO  c.b.s.topology.EVOpportunityTopology - Creating KTable for topic: kalshi-transformed with store: kalshi-store
2025-12-16 22:28:22.138 [main] INFO  c.b.s.topology.EVOpportunityTopology - Creating KTable for topic: bovada-transformed with store: bovada-store
2025-12-16 22:28:22.138 [main] INFO  c.b.s.topology.EVOpportunityTopology - Creating KTable join: pinnacle <-> kalshi
2025-12-16 22:28:22.143 [main] INFO  c.b.s.topology.EVOpportunityTopology - Creating KTable join: pinnacle <-> bovada
2025-12-16 22:28:22.150 [main] INFO  c.b.s.topology.EVOpportunityTopology - Topology built successfully:
Topologies:
   Sub-topology: 0
    Source: KSTREAM-SOURCE-0000000000 (topics: [pinny-transformed])
      --> KSTREAM-KEY-SELECT-0000000001
    Processor: KSTREAM-KEY-SELECT-0000000001 (stores: [])
      --> KSTREAM-PEEK-0000000002
      <-- KSTREAM-SOURCE-0000000000
    Processor: KSTREAM-PEEK-0000000002 (stores: [])
      --> KSTREAM-FILTER-0000000005
      <-- KSTREAM-KEY-SELECT-0000000001
    Processor: KSTREAM-FILTER-0000000005 (stores: [])
      --> KSTREAM-SINK-0000000004
      <-- KSTREAM-PEEK-0000000002
    Sink: KSTREAM-SINK-0000000004 (topic: KSTREAM-TOTABLE-0000000003-repartition)
      <-- KSTREAM-FILTER-0000000005

  Sub-topology: 1
    Source: KSTREAM-SOURCE-0000000006 (topics: [KSTREAM-TOTABLE-0000000003-repartition])
      --> KSTREAM-TOTABLE-0000000003
    Processor: KSTREAM-TOTABLE-0000000003 (stores: [pinnacle-store])
      --> KTABLE-JOINTHIS-0000000023, KTABLE-JOINTHIS-0000000028
      <-- KSTREAM-SOURCE-0000000006
    Source: KSTREAM-SOURCE-0000000013 (topics: [KSTREAM-TOTABLE-0000000010-repartition])
      --> KSTREAM-TOTABLE-0000000010
    Source: KSTREAM-SOURCE-0000000020 (topics: [KSTREAM-TOTABLE-0000000017-repartition])
      --> KSTREAM-TOTABLE-0000000017
    Processor: KSTREAM-TOTABLE-0000000010 (stores: [kalshi-store])
      --> KTABLE-JOINOTHER-0000000024
      <-- KSTREAM-SOURCE-0000000013
    Processor: KSTREAM-TOTABLE-0000000017 (stores: [bovada-store])
      --> KTABLE-JOINOTHER-0000000029
      <-- KSTREAM-SOURCE-0000000020
    Processor: KTABLE-JOINOTHER-0000000024 (stores: [pinnacle-store])
      --> KTABLE-MERGE-0000000022
      <-- KSTREAM-TOTABLE-0000000010
    Processor: KTABLE-JOINOTHER-0000000029 (stores: [pinnacle-store])
      --> KTABLE-MERGE-0000000027
      <-- KSTREAM-TOTABLE-0000000017
    Processor: KTABLE-JOINTHIS-0000000023 (stores: [kalshi-store])
      --> KTABLE-MERGE-0000000022
      <-- KSTREAM-TOTABLE-0000000003
    Processor: KTABLE-JOINTHIS-0000000028 (stores: [bovada-store])
      --> KTABLE-MERGE-0000000027
      <-- KSTREAM-TOTABLE-0000000003
    Processor: KTABLE-MERGE-0000000022 (stores: [KTABLE-MERGE-STATE-STORE-0000000021])
      --> KTABLE-TOSTREAM-0000000025
      <-- KTABLE-JOINTHIS-0000000023, KTABLE-JOINOTHER-0000000024
    Processor: KTABLE-MERGE-0000000027 (stores: [KTABLE-MERGE-STATE-STORE-0000000026])
      --> KTABLE-TOSTREAM-0000000030
      <-- KTABLE-JOINTHIS-0000000028, KTABLE-JOINOTHER-0000000029
    Processor: KTABLE-TOSTREAM-0000000025 (stores: [])
      --> KSTREAM-MERGE-0000000031
      <-- KTABLE-MERGE-0000000022
    Processor: KTABLE-TOSTREAM-0000000030 (stores: [])
      --> KSTREAM-MERGE-0000000031
      <-- KTABLE-MERGE-0000000027
    Processor: KSTREAM-MERGE-0000000031 (stores: [])
      --> KSTREAM-FILTER-0000000032
      <-- KTABLE-TOSTREAM-0000000025, KTABLE-TOSTREAM-0000000030
    Processor: KSTREAM-FILTER-0000000032 (stores: [])
      --> KSTREAM-PEEK-0000000033
      <-- KSTREAM-MERGE-0000000031
    Processor: KSTREAM-PEEK-0000000033 (stores: [])
      --> KSTREAM-SINK-0000000034
      <-- KSTREAM-FILTER-0000000032
    Sink: KSTREAM-SINK-0000000034 (topic: joined-odds)
      <-- KSTREAM-PEEK-0000000033

  Sub-topology: 2
    Source: KSTREAM-SOURCE-0000000007 (topics: [kalshi-transformed])
      --> KSTREAM-KEY-SELECT-0000000008
    Processor: KSTREAM-KEY-SELECT-0000000008 (stores: [])
      --> KSTREAM-PEEK-0000000009
      <-- KSTREAM-SOURCE-0000000007
    Processor: KSTREAM-PEEK-0000000009 (stores: [])
      --> KSTREAM-FILTER-0000000012
      <-- KSTREAM-KEY-SELECT-0000000008
    Processor: KSTREAM-FILTER-0000000012 (stores: [])
      --> KSTREAM-SINK-0000000011
      <-- KSTREAM-PEEK-0000000009
    Sink: KSTREAM-SINK-0000000011 (topic: KSTREAM-TOTABLE-0000000010-repartition)
      <-- KSTREAM-FILTER-0000000012

  Sub-topology: 3
    Source: KSTREAM-SOURCE-0000000014 (topics: [bovada-transformed])
      --> KSTREAM-KEY-SELECT-0000000015
    Processor: KSTREAM-KEY-SELECT-0000000015 (stores: [])
      --> KSTREAM-PEEK-0000000016
      <-- KSTREAM-SOURCE-0000000014
    Processor: KSTREAM-PEEK-0000000016 (stores: [])
      --> KSTREAM-FILTER-0000000019
      <-- KSTREAM-KEY-SELECT-0000000015
    Processor: KSTREAM-FILTER-0000000019 (stores: [])
      --> KSTREAM-SINK-0000000018
      <-- KSTREAM-PEEK-0000000016
    Sink: KSTREAM-SINK-0000000018 (topic: KSTREAM-TOTABLE-0000000017-repartition)
      <-- KSTREAM-FILTER-0000000019


2025-12-16 22:28:22.193 [main] WARN  o.a.k.s.p.internals.StateDirectory - Using an OS temp directory in the state.dir property can cause failures with writing the checkpoint file due to the fact that this directory can be cleared by the OS. Resolved state.dir: [/tmp/kafka-streams]
2025-12-16 22:28:22.408 [main] INFO  c.b.s.topology.EVOpportunityTopology - Joined odds: Over 45.5 | pinnacle @ 1.95 vs kalshi @ 2.1
2025-12-16 22:28:22.414 [main] INFO  c.b.s.topology.EVOpportunityTopology - Joined odds: Over 45.5 | pinnacle @ 1.95 vs bovada @ 2.05
]]></system-out>
  </testcase>
  <testcase name="testNoJoinWithoutSharpBook" classname="com.blitzlines.streams.topology.EVOpportunityTopologyTest" time="0.049">
    <system-out><![CDATA[2025-12-16 22:28:22.434 [main] INFO  c.b.s.topology.EVOpportunityTopology - Building odds join topology...
2025-12-16 22:28:22.434 [main] INFO  c.b.s.topology.EVOpportunityTopology - Creating KTable for topic: pinny-transformed with store: pinnacle-store
2025-12-16 22:28:22.435 [main] INFO  c.b.s.topology.EVOpportunityTopology - Creating KTable for topic: kalshi-transformed with store: kalshi-store
2025-12-16 22:28:22.435 [main] INFO  c.b.s.topology.EVOpportunityTopology - Creating KTable for topic: bovada-transformed with store: bovada-store
2025-12-16 22:28:22.435 [main] INFO  c.b.s.topology.EVOpportunityTopology - Creating KTable join: pinnacle <-> kalshi
2025-12-16 22:28:22.435 [main] INFO  c.b.s.topology.EVOpportunityTopology - Creating KTable join: pinnacle <-> bovada
2025-12-16 22:28:22.436 [main] INFO  c.b.s.topology.EVOpportunityTopology - Topology built successfully:
Topologies:
   Sub-topology: 0
    Source: KSTREAM-SOURCE-0000000000 (topics: [pinny-transformed])
      --> KSTREAM-KEY-SELECT-0000000001
    Processor: KSTREAM-KEY-SELECT-0000000001 (stores: [])
      --> KSTREAM-PEEK-0000000002
      <-- KSTREAM-SOURCE-0000000000
    Processor: KSTREAM-PEEK-0000000002 (stores: [])
      --> KSTREAM-FILTER-0000000005
      <-- KSTREAM-KEY-SELECT-0000000001
    Processor: KSTREAM-FILTER-0000000005 (stores: [])
      --> KSTREAM-SINK-0000000004
      <-- KSTREAM-PEEK-0000000002
    Sink: KSTREAM-SINK-0000000004 (topic: KSTREAM-TOTABLE-0000000003-repartition)
      <-- KSTREAM-FILTER-0000000005

  Sub-topology: 1
    Source: KSTREAM-SOURCE-0000000006 (topics: [KSTREAM-TOTABLE-0000000003-repartition])
      --> KSTREAM-TOTABLE-0000000003
    Processor: KSTREAM-TOTABLE-0000000003 (stores: [pinnacle-store])
      --> KTABLE-JOINTHIS-0000000023, KTABLE-JOINTHIS-0000000028
      <-- KSTREAM-SOURCE-0000000006
    Source: KSTREAM-SOURCE-0000000013 (topics: [KSTREAM-TOTABLE-0000000010-repartition])
      --> KSTREAM-TOTABLE-0000000010
    Source: KSTREAM-SOURCE-0000000020 (topics: [KSTREAM-TOTABLE-0000000017-repartition])
      --> KSTREAM-TOTABLE-0000000017
    Processor: KSTREAM-TOTABLE-0000000010 (stores: [kalshi-store])
      --> KTABLE-JOINOTHER-0000000024
      <-- KSTREAM-SOURCE-0000000013
    Processor: KSTREAM-TOTABLE-0000000017 (stores: [bovada-store])
      --> KTABLE-JOINOTHER-0000000029
      <-- KSTREAM-SOURCE-0000000020
    Processor: KTABLE-JOINOTHER-0000000024 (stores: [pinnacle-store])
      --> KTABLE-MERGE-0000000022
      <-- KSTREAM-TOTABLE-0000000010
    Processor: KTABLE-JOINOTHER-0000000029 (stores: [pinnacle-store])
      --> KTABLE-MERGE-0000000027
      <-- KSTREAM-TOTABLE-0000000017
    Processor: KTABLE-JOINTHIS-0000000023 (stores: [kalshi-store])
      --> KTABLE-MERGE-0000000022
      <-- KSTREAM-TOTABLE-0000000003
    Processor: KTABLE-JOINTHIS-0000000028 (stores: [bovada-store])
      --> KTABLE-MERGE-0000000027
      <-- KSTREAM-TOTABLE-0000000003
    Processor: KTABLE-MERGE-0000000022 (stores: [KTABLE-MERGE-STATE-STORE-0000000021])
      --> KTABLE-TOSTREAM-0000000025
      <-- KTABLE-JOINTHIS-0000000023, KTABLE-JOINOTHER-0000000024
    Processor: KTABLE-MERGE-0000000027 (stores: [KTABLE-MERGE-STATE-STORE-0000000026])
      --> KTABLE-TOSTREAM-0000000030
      <-- KTABLE-JOINTHIS-0000000028, KTABLE-JOINOTHER-0000000029
    Processor: KTABLE-TOSTREAM-0000000025 (stores: [])
      --> KSTREAM-MERGE-0000000031
      <-- KTABLE-MERGE-0000000022
    Processor: KTABLE-TOSTREAM-0000000030 (stores: [])
      --> KSTREAM-MERGE-0000000031
      <-- KTABLE-MERGE-0000000027
    Processor: KSTREAM-MERGE-0000000031 (stores: [])
      --> KSTREAM-FILTER-0000000032
      <-- KTABLE-TOSTREAM-0000000025, KTABLE-TOSTREAM-0000000030
    Processor: KSTREAM-FILTER-0000000032 (stores: [])
      --> KSTREAM-PEEK-0000000033
      <-- KSTREAM-MERGE-0000000031
    Processor: KSTREAM-PEEK-0000000033 (stores: [])
      --> KSTREAM-SINK-0000000034
      <-- KSTREAM-FILTER-0000000032
    Sink: KSTREAM-SINK-0000000034 (topic: joined-odds)
      <-- KSTREAM-PEEK-0000000033

  Sub-topology: 2
    Source: KSTREAM-SOURCE-0000000007 (topics: [kalshi-transformed])
      --> KSTREAM-KEY-SELECT-0000000008
    Processor: KSTREAM-KEY-SELECT-0000000008 (stores: [])
      --> KSTREAM-PEEK-0000000009
      <-- KSTREAM-SOURCE-0000000007
    Processor: KSTREAM-PEEK-0000000009 (stores: [])
      --> KSTREAM-FILTER-0000000012
      <-- KSTREAM-KEY-SELECT-0000000008
    Processor: KSTREAM-FILTER-0000000012 (stores: [])
      --> KSTREAM-SINK-0000000011
      <-- KSTREAM-PEEK-0000000009
    Sink: KSTREAM-SINK-0000000011 (topic: KSTREAM-TOTABLE-0000000010-repartition)
      <-- KSTREAM-FILTER-0000000012

  Sub-topology: 3
    Source: KSTREAM-SOURCE-0000000014 (topics: [bovada-transformed])
      --> KSTREAM-KEY-SELECT-0000000015
    Processor: KSTREAM-KEY-SELECT-0000000015 (stores: [])
      --> KSTREAM-PEEK-0000000016
      <-- KSTREAM-SOURCE-0000000014
    Processor: KSTREAM-PEEK-0000000016 (stores: [])
      --> KSTREAM-FILTER-0000000019
      <-- KSTREAM-KEY-SELECT-0000000015
    Processor: KSTREAM-FILTER-0000000019 (stores: [])
      --> KSTREAM-SINK-0000000018
      <-- KSTREAM-PEEK-0000000016
    Sink: KSTREAM-SINK-0000000018 (topic: KSTREAM-TOTABLE-0000000017-repartition)
      <-- KSTREAM-FILTER-0000000019


2025-12-16 22:28:22.437 [main] WARN  o.a.k.s.p.internals.StateDirectory - Using an OS temp directory in the state.dir property can cause failures with writing the checkpoint file due to the fact that this directory can be cleared by the OS. Resolved state.dir: [/tmp/kafka-streams]
]]></system-out>
  </testcase>
  <testcase name="testJoinKeyMatching_DifferentLineValues" classname="com.blitzlines.streams.topology.EVOpportunityTopologyTest" time="0.045">
    <system-out><![CDATA[2025-12-16 22:28:22.484 [main] INFO  c.b.s.topology.EVOpportunityTopology - Building odds join topology...
2025-12-16 22:28:22.485 [main] INFO  c.b.s.topology.EVOpportunityTopology - Creating KTable for topic: pinny-transformed with store: pinnacle-store
2025-12-16 22:28:22.485 [main] INFO  c.b.s.topology.EVOpportunityTopology - Creating KTable for topic: kalshi-transformed with store: kalshi-store
2025-12-16 22:28:22.485 [main] INFO  c.b.s.topology.EVOpportunityTopology - Creating KTable for topic: bovada-transformed with store: bovada-store
2025-12-16 22:28:22.486 [main] INFO  c.b.s.topology.EVOpportunityTopology - Creating KTable join: pinnacle <-> kalshi
2025-12-16 22:28:22.486 [main] INFO  c.b.s.topology.EVOpportunityTopology - Creating KTable join: pinnacle <-> bovada
2025-12-16 22:28:22.487 [main] INFO  c.b.s.topology.EVOpportunityTopology - Topology built successfully:
Topologies:
   Sub-topology: 0
    Source: KSTREAM-SOURCE-0000000000 (topics: [pinny-transformed])
      --> KSTREAM-KEY-SELECT-0000000001
    Processor: KSTREAM-KEY-SELECT-0000000001 (stores: [])
      --> KSTREAM-PEEK-0000000002
      <-- KSTREAM-SOURCE-0000000000
    Processor: KSTREAM-PEEK-0000000002 (stores: [])
      --> KSTREAM-FILTER-0000000005
      <-- KSTREAM-KEY-SELECT-0000000001
    Processor: KSTREAM-FILTER-0000000005 (stores: [])
      --> KSTREAM-SINK-0000000004
      <-- KSTREAM-PEEK-0000000002
    Sink: KSTREAM-SINK-0000000004 (topic: KSTREAM-TOTABLE-0000000003-repartition)
      <-- KSTREAM-FILTER-0000000005

  Sub-topology: 1
    Source: KSTREAM-SOURCE-0000000006 (topics: [KSTREAM-TOTABLE-0000000003-repartition])
      --> KSTREAM-TOTABLE-0000000003
    Processor: KSTREAM-TOTABLE-0000000003 (stores: [pinnacle-store])
      --> KTABLE-JOINTHIS-0000000023, KTABLE-JOINTHIS-0000000028
      <-- KSTREAM-SOURCE-0000000006
    Source: KSTREAM-SOURCE-0000000013 (topics: [KSTREAM-TOTABLE-0000000010-repartition])
      --> KSTREAM-TOTABLE-0000000010
    Source: KSTREAM-SOURCE-0000000020 (topics: [KSTREAM-TOTABLE-0000000017-repartition])
      --> KSTREAM-TOTABLE-0000000017
    Processor: KSTREAM-TOTABLE-0000000010 (stores: [kalshi-store])
      --> KTABLE-JOINOTHER-0000000024
      <-- KSTREAM-SOURCE-0000000013
    Processor: KSTREAM-TOTABLE-0000000017 (stores: [bovada-store])
      --> KTABLE-JOINOTHER-0000000029
      <-- KSTREAM-SOURCE-0000000020
    Processor: KTABLE-JOINOTHER-0000000024 (stores: [pinnacle-store])
      --> KTABLE-MERGE-0000000022
      <-- KSTREAM-TOTABLE-0000000010
    Processor: KTABLE-JOINOTHER-0000000029 (stores: [pinnacle-store])
      --> KTABLE-MERGE-0000000027
      <-- KSTREAM-TOTABLE-0000000017
    Processor: KTABLE-JOINTHIS-0000000023 (stores: [kalshi-store])
      --> KTABLE-MERGE-0000000022
      <-- KSTREAM-TOTABLE-0000000003
    Processor: KTABLE-JOINTHIS-0000000028 (stores: [bovada-store])
      --> KTABLE-MERGE-0000000027
      <-- KSTREAM-TOTABLE-0000000003
    Processor: KTABLE-MERGE-0000000022 (stores: [KTABLE-MERGE-STATE-STORE-0000000021])
      --> KTABLE-TOSTREAM-0000000025
      <-- KTABLE-JOINTHIS-0000000023, KTABLE-JOINOTHER-0000000024
    Processor: KTABLE-MERGE-0000000027 (stores: [KTABLE-MERGE-STATE-STORE-0000000026])
      --> KTABLE-TOSTREAM-0000000030
      <-- KTABLE-JOINTHIS-0000000028, KTABLE-JOINOTHER-0000000029
    Processor: KTABLE-TOSTREAM-0000000025 (stores: [])
      --> KSTREAM-MERGE-0000000031
      <-- KTABLE-MERGE-0000000022
    Processor: KTABLE-TOSTREAM-0000000030 (stores: [])
      --> KSTREAM-MERGE-0000000031
      <-- KTABLE-MERGE-0000000027
    Processor: KSTREAM-MERGE-0000000031 (stores: [])
      --> KSTREAM-FILTER-0000000032
      <-- KTABLE-TOSTREAM-0000000025, KTABLE-TOSTREAM-0000000030
    Processor: KSTREAM-FILTER-0000000032 (stores: [])
      --> KSTREAM-PEEK-0000000033
      <-- KSTREAM-MERGE-0000000031
    Processor: KSTREAM-PEEK-0000000033 (stores: [])
      --> KSTREAM-SINK-0000000034
      <-- KSTREAM-FILTER-0000000032
    Sink: KSTREAM-SINK-0000000034 (topic: joined-odds)
      <-- KSTREAM-PEEK-0000000033

  Sub-topology: 2
    Source: KSTREAM-SOURCE-0000000007 (topics: [kalshi-transformed])
      --> KSTREAM-KEY-SELECT-0000000008
    Processor: KSTREAM-KEY-SELECT-0000000008 (stores: [])
      --> KSTREAM-PEEK-0000000009
      <-- KSTREAM-SOURCE-0000000007
    Processor: KSTREAM-PEEK-0000000009 (stores: [])
      --> KSTREAM-FILTER-0000000012
      <-- KSTREAM-KEY-SELECT-0000000008
    Processor: KSTREAM-FILTER-0000000012 (stores: [])
      --> KSTREAM-SINK-0000000011
      <-- KSTREAM-PEEK-0000000009
    Sink: KSTREAM-SINK-0000000011 (topic: KSTREAM-TOTABLE-0000000010-repartition)
      <-- KSTREAM-FILTER-0000000012

  Sub-topology: 3
    Source: KSTREAM-SOURCE-0000000014 (topics: [bovada-transformed])
      --> KSTREAM-KEY-SELECT-0000000015
    Processor: KSTREAM-KEY-SELECT-0000000015 (stores: [])
      --> KSTREAM-PEEK-0000000016
      <-- KSTREAM-SOURCE-0000000014
    Processor: KSTREAM-PEEK-0000000016 (stores: [])
      --> KSTREAM-FILTER-0000000019
      <-- KSTREAM-KEY-SELECT-0000000015
    Processor: KSTREAM-FILTER-0000000019 (stores: [])
      --> KSTREAM-SINK-0000000018
      <-- KSTREAM-PEEK-0000000016
    Sink: KSTREAM-SINK-0000000018 (topic: KSTREAM-TOTABLE-0000000017-repartition)
      <-- KSTREAM-FILTER-0000000019


2025-12-16 22:28:22.489 [main] WARN  o.a.k.s.p.internals.StateDirectory - Using an OS temp directory in the state.dir property can cause failures with writing the checkpoint file due to the fact that this directory can be cleared by the OS. Resolved state.dir: [/tmp/kafka-streams]
]]></system-out>
  </testcase>
  <testcase name="testOddsUpdateTriggersNewJoin" classname="com.blitzlines.streams.topology.EVOpportunityTopologyTest" time="0.052">
    <system-out><![CDATA[2025-12-16 22:28:22.530 [main] INFO  c.b.s.topology.EVOpportunityTopology - Building odds join topology...
2025-12-16 22:28:22.530 [main] INFO  c.b.s.topology.EVOpportunityTopology - Creating KTable for topic: pinny-transformed with store: pinnacle-store
2025-12-16 22:28:22.530 [main] INFO  c.b.s.topology.EVOpportunityTopology - Creating KTable for topic: kalshi-transformed with store: kalshi-store
2025-12-16 22:28:22.530 [main] INFO  c.b.s.topology.EVOpportunityTopology - Creating KTable for topic: bovada-transformed with store: bovada-store
2025-12-16 22:28:22.531 [main] INFO  c.b.s.topology.EVOpportunityTopology - Creating KTable join: pinnacle <-> kalshi
2025-12-16 22:28:22.531 [main] INFO  c.b.s.topology.EVOpportunityTopology - Creating KTable join: pinnacle <-> bovada
2025-12-16 22:28:22.531 [main] INFO  c.b.s.topology.EVOpportunityTopology - Topology built successfully:
Topologies:
   Sub-topology: 0
    Source: KSTREAM-SOURCE-0000000000 (topics: [pinny-transformed])
      --> KSTREAM-KEY-SELECT-0000000001
    Processor: KSTREAM-KEY-SELECT-0000000001 (stores: [])
      --> KSTREAM-PEEK-0000000002
      <-- KSTREAM-SOURCE-0000000000
    Processor: KSTREAM-PEEK-0000000002 (stores: [])
      --> KSTREAM-FILTER-0000000005
      <-- KSTREAM-KEY-SELECT-0000000001
    Processor: KSTREAM-FILTER-0000000005 (stores: [])
      --> KSTREAM-SINK-0000000004
      <-- KSTREAM-PEEK-0000000002
    Sink: KSTREAM-SINK-0000000004 (topic: KSTREAM-TOTABLE-0000000003-repartition)
      <-- KSTREAM-FILTER-0000000005

  Sub-topology: 1
    Source: KSTREAM-SOURCE-0000000006 (topics: [KSTREAM-TOTABLE-0000000003-repartition])
      --> KSTREAM-TOTABLE-0000000003
    Processor: KSTREAM-TOTABLE-0000000003 (stores: [pinnacle-store])
      --> KTABLE-JOINTHIS-0000000023, KTABLE-JOINTHIS-0000000028
      <-- KSTREAM-SOURCE-0000000006
    Source: KSTREAM-SOURCE-0000000013 (topics: [KSTREAM-TOTABLE-0000000010-repartition])
      --> KSTREAM-TOTABLE-0000000010
    Source: KSTREAM-SOURCE-0000000020 (topics: [KSTREAM-TOTABLE-0000000017-repartition])
      --> KSTREAM-TOTABLE-0000000017
    Processor: KSTREAM-TOTABLE-0000000010 (stores: [kalshi-store])
      --> KTABLE-JOINOTHER-0000000024
      <-- KSTREAM-SOURCE-0000000013
    Processor: KSTREAM-TOTABLE-0000000017 (stores: [bovada-store])
      --> KTABLE-JOINOTHER-0000000029
      <-- KSTREAM-SOURCE-0000000020
    Processor: KTABLE-JOINOTHER-0000000024 (stores: [pinnacle-store])
      --> KTABLE-MERGE-0000000022
      <-- KSTREAM-TOTABLE-0000000010
    Processor: KTABLE-JOINOTHER-0000000029 (stores: [pinnacle-store])
      --> KTABLE-MERGE-0000000027
      <-- KSTREAM-TOTABLE-0000000017
    Processor: KTABLE-JOINTHIS-0000000023 (stores: [kalshi-store])
      --> KTABLE-MERGE-0000000022
      <-- KSTREAM-TOTABLE-0000000003
    Processor: KTABLE-JOINTHIS-0000000028 (stores: [bovada-store])
      --> KTABLE-MERGE-0000000027
      <-- KSTREAM-TOTABLE-0000000003
    Processor: KTABLE-MERGE-0000000022 (stores: [KTABLE-MERGE-STATE-STORE-0000000021])
      --> KTABLE-TOSTREAM-0000000025
      <-- KTABLE-JOINTHIS-0000000023, KTABLE-JOINOTHER-0000000024
    Processor: KTABLE-MERGE-0000000027 (stores: [KTABLE-MERGE-STATE-STORE-0000000026])
      --> KTABLE-TOSTREAM-0000000030
      <-- KTABLE-JOINTHIS-0000000028, KTABLE-JOINOTHER-0000000029
    Processor: KTABLE-TOSTREAM-0000000025 (stores: [])
      --> KSTREAM-MERGE-0000000031
      <-- KTABLE-MERGE-0000000022
    Processor: KTABLE-TOSTREAM-0000000030 (stores: [])
      --> KSTREAM-MERGE-0000000031
      <-- KTABLE-MERGE-0000000027
    Processor: KSTREAM-MERGE-0000000031 (stores: [])
      --> KSTREAM-FILTER-0000000032
      <-- KTABLE-TOSTREAM-0000000025, KTABLE-TOSTREAM-0000000030
    Processor: KSTREAM-FILTER-0000000032 (stores: [])
      --> KSTREAM-PEEK-0000000033
      <-- KSTREAM-MERGE-0000000031
    Processor: KSTREAM-PEEK-0000000033 (stores: [])
      --> KSTREAM-SINK-0000000034
      <-- KSTREAM-FILTER-0000000032
    Sink: KSTREAM-SINK-0000000034 (topic: joined-odds)
      <-- KSTREAM-PEEK-0000000033

  Sub-topology: 2
    Source: KSTREAM-SOURCE-0000000007 (topics: [kalshi-transformed])
      --> KSTREAM-KEY-SELECT-0000000008
    Processor: KSTREAM-KEY-SELECT-0000000008 (stores: [])
      --> KSTREAM-PEEK-0000000009
      <-- KSTREAM-SOURCE-0000000007
    Processor: KSTREAM-PEEK-0000000009 (stores: [])
      --> KSTREAM-FILTER-0000000012
      <-- KSTREAM-KEY-SELECT-0000000008
    Processor: KSTREAM-FILTER-0000000012 (stores: [])
      --> KSTREAM-SINK-0000000011
      <-- KSTREAM-PEEK-0000000009
    Sink: KSTREAM-SINK-0000000011 (topic: KSTREAM-TOTABLE-0000000010-repartition)
      <-- KSTREAM-FILTER-0000000012

  Sub-topology: 3
    Source: KSTREAM-SOURCE-0000000014 (topics: [bovada-transformed])
      --> KSTREAM-KEY-SELECT-0000000015
    Processor: KSTREAM-KEY-SELECT-0000000015 (stores: [])
      --> KSTREAM-PEEK-0000000016
      <-- KSTREAM-SOURCE-0000000014
    Processor: KSTREAM-PEEK-0000000016 (stores: [])
      --> KSTREAM-FILTER-0000000019
      <-- KSTREAM-KEY-SELECT-0000000015
    Processor: KSTREAM-FILTER-0000000019 (stores: [])
      --> KSTREAM-SINK-0000000018
      <-- KSTREAM-PEEK-0000000016
    Sink: KSTREAM-SINK-0000000018 (topic: KSTREAM-TOTABLE-0000000017-repartition)
      <-- KSTREAM-FILTER-0000000019


2025-12-16 22:28:22.532 [main] WARN  o.a.k.s.p.internals.StateDirectory - Using an OS temp directory in the state.dir property can cause failures with writing the checkpoint file due to the fact that this directory can be cleared by the OS. Resolved state.dir: [/tmp/kafka-streams]
2025-12-16 22:28:22.573 [main] INFO  c.b.s.topology.EVOpportunityTopology - Joined odds: Ravens | pinnacle @ 2.0 vs kalshi @ 2.1
2025-12-16 22:28:22.576 [main] INFO  c.b.s.topology.EVOpportunityTopology - Joined odds: Ravens | pinnacle @ 2.0 vs kalshi @ 2.25
]]></system-out>
  </testcase>
  <testcase name="testBasicJoin_Bovada" classname="com.blitzlines.streams.topology.EVOpportunityTopologyTest" time="0.039">
    <system-out><![CDATA[2025-12-16 22:28:22.583 [main] INFO  c.b.s.topology.EVOpportunityTopology - Building odds join topology...
2025-12-16 22:28:22.583 [main] INFO  c.b.s.topology.EVOpportunityTopology - Creating KTable for topic: pinny-transformed with store: pinnacle-store
2025-12-16 22:28:22.583 [main] INFO  c.b.s.topology.EVOpportunityTopology - Creating KTable for topic: kalshi-transformed with store: kalshi-store
2025-12-16 22:28:22.583 [main] INFO  c.b.s.topology.EVOpportunityTopology - Creating KTable for topic: bovada-transformed with store: bovada-store
2025-12-16 22:28:22.584 [main] INFO  c.b.s.topology.EVOpportunityTopology - Creating KTable join: pinnacle <-> kalshi
2025-12-16 22:28:22.584 [main] INFO  c.b.s.topology.EVOpportunityTopology - Creating KTable join: pinnacle <-> bovada
2025-12-16 22:28:22.584 [main] INFO  c.b.s.topology.EVOpportunityTopology - Topology built successfully:
Topologies:
   Sub-topology: 0
    Source: KSTREAM-SOURCE-0000000000 (topics: [pinny-transformed])
      --> KSTREAM-KEY-SELECT-0000000001
    Processor: KSTREAM-KEY-SELECT-0000000001 (stores: [])
      --> KSTREAM-PEEK-0000000002
      <-- KSTREAM-SOURCE-0000000000
    Processor: KSTREAM-PEEK-0000000002 (stores: [])
      --> KSTREAM-FILTER-0000000005
      <-- KSTREAM-KEY-SELECT-0000000001
    Processor: KSTREAM-FILTER-0000000005 (stores: [])
      --> KSTREAM-SINK-0000000004
      <-- KSTREAM-PEEK-0000000002
    Sink: KSTREAM-SINK-0000000004 (topic: KSTREAM-TOTABLE-0000000003-repartition)
      <-- KSTREAM-FILTER-0000000005

  Sub-topology: 1
    Source: KSTREAM-SOURCE-0000000006 (topics: [KSTREAM-TOTABLE-0000000003-repartition])
      --> KSTREAM-TOTABLE-0000000003
    Processor: KSTREAM-TOTABLE-0000000003 (stores: [pinnacle-store])
      --> KTABLE-JOINTHIS-0000000023, KTABLE-JOINTHIS-0000000028
      <-- KSTREAM-SOURCE-0000000006
    Source: KSTREAM-SOURCE-0000000013 (topics: [KSTREAM-TOTABLE-0000000010-repartition])
      --> KSTREAM-TOTABLE-0000000010
    Source: KSTREAM-SOURCE-0000000020 (topics: [KSTREAM-TOTABLE-0000000017-repartition])
      --> KSTREAM-TOTABLE-0000000017
    Processor: KSTREAM-TOTABLE-0000000010 (stores: [kalshi-store])
      --> KTABLE-JOINOTHER-0000000024
      <-- KSTREAM-SOURCE-0000000013
    Processor: KSTREAM-TOTABLE-0000000017 (stores: [bovada-store])
      --> KTABLE-JOINOTHER-0000000029
      <-- KSTREAM-SOURCE-0000000020
    Processor: KTABLE-JOINOTHER-0000000024 (stores: [pinnacle-store])
      --> KTABLE-MERGE-0000000022
      <-- KSTREAM-TOTABLE-0000000010
    Processor: KTABLE-JOINOTHER-0000000029 (stores: [pinnacle-store])
      --> KTABLE-MERGE-0000000027
      <-- KSTREAM-TOTABLE-0000000017
    Processor: KTABLE-JOINTHIS-0000000023 (stores: [kalshi-store])
      --> KTABLE-MERGE-0000000022
      <-- KSTREAM-TOTABLE-0000000003
    Processor: KTABLE-JOINTHIS-0000000028 (stores: [bovada-store])
      --> KTABLE-MERGE-0000000027
      <-- KSTREAM-TOTABLE-0000000003
    Processor: KTABLE-MERGE-0000000022 (stores: [KTABLE-MERGE-STATE-STORE-0000000021])
      --> KTABLE-TOSTREAM-0000000025
      <-- KTABLE-JOINTHIS-0000000023, KTABLE-JOINOTHER-0000000024
    Processor: KTABLE-MERGE-0000000027 (stores: [KTABLE-MERGE-STATE-STORE-0000000026])
      --> KTABLE-TOSTREAM-0000000030
      <-- KTABLE-JOINTHIS-0000000028, KTABLE-JOINOTHER-0000000029
    Processor: KTABLE-TOSTREAM-0000000025 (stores: [])
      --> KSTREAM-MERGE-0000000031
      <-- KTABLE-MERGE-0000000022
    Processor: KTABLE-TOSTREAM-0000000030 (stores: [])
      --> KSTREAM-MERGE-0000000031
      <-- KTABLE-MERGE-0000000027
    Processor: KSTREAM-MERGE-0000000031 (stores: [])
      --> KSTREAM-FILTER-0000000032
      <-- KTABLE-TOSTREAM-0000000025, KTABLE-TOSTREAM-0000000030
    Processor: KSTREAM-FILTER-0000000032 (stores: [])
      --> KSTREAM-PEEK-0000000033
      <-- KSTREAM-MERGE-0000000031
    Processor: KSTREAM-PEEK-0000000033 (stores: [])
      --> KSTREAM-SINK-0000000034
      <-- KSTREAM-FILTER-0000000032
    Sink: KSTREAM-SINK-0000000034 (topic: joined-odds)
      <-- KSTREAM-PEEK-0000000033

  Sub-topology: 2
    Source: KSTREAM-SOURCE-0000000007 (topics: [kalshi-transformed])
      --> KSTREAM-KEY-SELECT-0000000008
    Processor: KSTREAM-KEY-SELECT-0000000008 (stores: [])
      --> KSTREAM-PEEK-0000000009
      <-- KSTREAM-SOURCE-0000000007
    Processor: KSTREAM-PEEK-0000000009 (stores: [])
      --> KSTREAM-FILTER-0000000012
      <-- KSTREAM-KEY-SELECT-0000000008
    Processor: KSTREAM-FILTER-0000000012 (stores: [])
      --> KSTREAM-SINK-0000000011
      <-- KSTREAM-PEEK-0000000009
    Sink: KSTREAM-SINK-0000000011 (topic: KSTREAM-TOTABLE-0000000010-repartition)
      <-- KSTREAM-FILTER-0000000012

  Sub-topology: 3
    Source: KSTREAM-SOURCE-0000000014 (topics: [bovada-transformed])
      --> KSTREAM-KEY-SELECT-0000000015
    Processor: KSTREAM-KEY-SELECT-0000000015 (stores: [])
      --> KSTREAM-PEEK-0000000016
      <-- KSTREAM-SOURCE-0000000014
    Processor: KSTREAM-PEEK-0000000016 (stores: [])
      --> KSTREAM-FILTER-0000000019
      <-- KSTREAM-KEY-SELECT-0000000015
    Processor: KSTREAM-FILTER-0000000019 (stores: [])
      --> KSTREAM-SINK-0000000018
      <-- KSTREAM-PEEK-0000000016
    Sink: KSTREAM-SINK-0000000018 (topic: KSTREAM-TOTABLE-0000000017-repartition)
      <-- KSTREAM-FILTER-0000000019


2025-12-16 22:28:22.585 [main] WARN  o.a.k.s.p.internals.StateDirectory - Using an OS temp directory in the state.dir property can cause failures with writing the checkpoint file due to the fact that this directory can be cleared by the OS. Resolved state.dir: [/tmp/kafka-streams]
2025-12-16 22:28:22.617 [main] INFO  c.b.s.topology.EVOpportunityTopology - Joined odds: Cowboys -3.5 | pinnacle @ 1.91 vs bovada @ 2.05
]]></system-out>
  </testcase>
  <testcase name="testBasicJoin_Kalshi" classname="com.blitzlines.streams.topology.EVOpportunityTopologyTest" time="0.04">
    <system-out><![CDATA[2025-12-16 22:28:22.623 [main] INFO  c.b.s.topology.EVOpportunityTopology - Building odds join topology...
2025-12-16 22:28:22.623 [main] INFO  c.b.s.topology.EVOpportunityTopology - Creating KTable for topic: pinny-transformed with store: pinnacle-store
2025-12-16 22:28:22.624 [main] INFO  c.b.s.topology.EVOpportunityTopology - Creating KTable for topic: kalshi-transformed with store: kalshi-store
2025-12-16 22:28:22.624 [main] INFO  c.b.s.topology.EVOpportunityTopology - Creating KTable for topic: bovada-transformed with store: bovada-store
2025-12-16 22:28:22.624 [main] INFO  c.b.s.topology.EVOpportunityTopology - Creating KTable join: pinnacle <-> kalshi
2025-12-16 22:28:22.624 [main] INFO  c.b.s.topology.EVOpportunityTopology - Creating KTable join: pinnacle <-> bovada
2025-12-16 22:28:22.625 [main] INFO  c.b.s.topology.EVOpportunityTopology - Topology built successfully:
Topologies:
   Sub-topology: 0
    Source: KSTREAM-SOURCE-0000000000 (topics: [pinny-transformed])
      --> KSTREAM-KEY-SELECT-0000000001
    Processor: KSTREAM-KEY-SELECT-0000000001 (stores: [])
      --> KSTREAM-PEEK-0000000002
      <-- KSTREAM-SOURCE-0000000000
    Processor: KSTREAM-PEEK-0000000002 (stores: [])
      --> KSTREAM-FILTER-0000000005
      <-- KSTREAM-KEY-SELECT-0000000001
    Processor: KSTREAM-FILTER-0000000005 (stores: [])
      --> KSTREAM-SINK-0000000004
      <-- KSTREAM-PEEK-0000000002
    Sink: KSTREAM-SINK-0000000004 (topic: KSTREAM-TOTABLE-0000000003-repartition)
      <-- KSTREAM-FILTER-0000000005

  Sub-topology: 1
    Source: KSTREAM-SOURCE-0000000006 (topics: [KSTREAM-TOTABLE-0000000003-repartition])
      --> KSTREAM-TOTABLE-0000000003
    Processor: KSTREAM-TOTABLE-0000000003 (stores: [pinnacle-store])
      --> KTABLE-JOINTHIS-0000000023, KTABLE-JOINTHIS-0000000028
      <-- KSTREAM-SOURCE-0000000006
    Source: KSTREAM-SOURCE-0000000013 (topics: [KSTREAM-TOTABLE-0000000010-repartition])
      --> KSTREAM-TOTABLE-0000000010
    Source: KSTREAM-SOURCE-0000000020 (topics: [KSTREAM-TOTABLE-0000000017-repartition])
      --> KSTREAM-TOTABLE-0000000017
    Processor: KSTREAM-TOTABLE-0000000010 (stores: [kalshi-store])
      --> KTABLE-JOINOTHER-0000000024
      <-- KSTREAM-SOURCE-0000000013
    Processor: KSTREAM-TOTABLE-0000000017 (stores: [bovada-store])
      --> KTABLE-JOINOTHER-0000000029
      <-- KSTREAM-SOURCE-0000000020
    Processor: KTABLE-JOINOTHER-0000000024 (stores: [pinnacle-store])
      --> KTABLE-MERGE-0000000022
      <-- KSTREAM-TOTABLE-0000000010
    Processor: KTABLE-JOINOTHER-0000000029 (stores: [pinnacle-store])
      --> KTABLE-MERGE-0000000027
      <-- KSTREAM-TOTABLE-0000000017
    Processor: KTABLE-JOINTHIS-0000000023 (stores: [kalshi-store])
      --> KTABLE-MERGE-0000000022
      <-- KSTREAM-TOTABLE-0000000003
    Processor: KTABLE-JOINTHIS-0000000028 (stores: [bovada-store])
      --> KTABLE-MERGE-0000000027
      <-- KSTREAM-TOTABLE-0000000003
    Processor: KTABLE-MERGE-0000000022 (stores: [KTABLE-MERGE-STATE-STORE-0000000021])
      --> KTABLE-TOSTREAM-0000000025
      <-- KTABLE-JOINTHIS-0000000023, KTABLE-JOINOTHER-0000000024
    Processor: KTABLE-MERGE-0000000027 (stores: [KTABLE-MERGE-STATE-STORE-0000000026])
      --> KTABLE-TOSTREAM-0000000030
      <-- KTABLE-JOINTHIS-0000000028, KTABLE-JOINOTHER-0000000029
    Processor: KTABLE-TOSTREAM-0000000025 (stores: [])
      --> KSTREAM-MERGE-0000000031
      <-- KTABLE-MERGE-0000000022
    Processor: KTABLE-TOSTREAM-0000000030 (stores: [])
      --> KSTREAM-MERGE-0000000031
      <-- KTABLE-MERGE-0000000027
    Processor: KSTREAM-MERGE-0000000031 (stores: [])
      --> KSTREAM-FILTER-0000000032
      <-- KTABLE-TOSTREAM-0000000025, KTABLE-TOSTREAM-0000000030
    Processor: KSTREAM-FILTER-0000000032 (stores: [])
      --> KSTREAM-PEEK-0000000033
      <-- KSTREAM-MERGE-0000000031
    Processor: KSTREAM-PEEK-0000000033 (stores: [])
      --> KSTREAM-SINK-0000000034
      <-- KSTREAM-FILTER-0000000032
    Sink: KSTREAM-SINK-0000000034 (topic: joined-odds)
      <-- KSTREAM-PEEK-0000000033

  Sub-topology: 2
    Source: KSTREAM-SOURCE-0000000007 (topics: [kalshi-transformed])
      --> KSTREAM-KEY-SELECT-0000000008
    Processor: KSTREAM-KEY-SELECT-0000000008 (stores: [])
      --> KSTREAM-PEEK-0000000009
      <-- KSTREAM-SOURCE-0000000007
    Processor: KSTREAM-PEEK-0000000009 (stores: [])
      --> KSTREAM-FILTER-0000000012
      <-- KSTREAM-KEY-SELECT-0000000008
    Processor: KSTREAM-FILTER-0000000012 (stores: [])
      --> KSTREAM-SINK-0000000011
      <-- KSTREAM-PEEK-0000000009
    Sink: KSTREAM-SINK-0000000011 (topic: KSTREAM-TOTABLE-0000000010-repartition)
      <-- KSTREAM-FILTER-0000000012

  Sub-topology: 3
    Source: KSTREAM-SOURCE-0000000014 (topics: [bovada-transformed])
      --> KSTREAM-KEY-SELECT-0000000015
    Processor: KSTREAM-KEY-SELECT-0000000015 (stores: [])
      --> KSTREAM-PEEK-0000000016
      <-- KSTREAM-SOURCE-0000000014
    Processor: KSTREAM-PEEK-0000000016 (stores: [])
      --> KSTREAM-FILTER-0000000019
      <-- KSTREAM-KEY-SELECT-0000000015
    Processor: KSTREAM-FILTER-0000000019 (stores: [])
      --> KSTREAM-SINK-0000000018
      <-- KSTREAM-PEEK-0000000016
    Sink: KSTREAM-SINK-0000000018 (topic: KSTREAM-TOTABLE-0000000017-repartition)
      <-- KSTREAM-FILTER-0000000019


2025-12-16 22:28:22.626 [main] WARN  o.a.k.s.p.internals.StateDirectory - Using an OS temp directory in the state.dir property can cause failures with writing the checkpoint file due to the fact that this directory can be cleared by the OS. Resolved state.dir: [/tmp/kafka-streams]
2025-12-16 22:28:22.657 [main] INFO  c.b.s.topology.EVOpportunityTopology - Joined odds: Eagles | pinnacle @ 2.0 vs kalshi @ 2.1
]]></system-out>
  </testcase>
  <testcase name="testJoinKeyMatching_DifferentSelections" classname="com.blitzlines.streams.topology.EVOpportunityTopologyTest" time="0.042">
    <system-out><![CDATA[2025-12-16 22:28:22.663 [main] INFO  c.b.s.topology.EVOpportunityTopology - Building odds join topology...
2025-12-16 22:28:22.664 [main] INFO  c.b.s.topology.EVOpportunityTopology - Creating KTable for topic: pinny-transformed with store: pinnacle-store
2025-12-16 22:28:22.664 [main] INFO  c.b.s.topology.EVOpportunityTopology - Creating KTable for topic: kalshi-transformed with store: kalshi-store
2025-12-16 22:28:22.664 [main] INFO  c.b.s.topology.EVOpportunityTopology - Creating KTable for topic: bovada-transformed with store: bovada-store
2025-12-16 22:28:22.664 [main] INFO  c.b.s.topology.EVOpportunityTopology - Creating KTable join: pinnacle <-> kalshi
2025-12-16 22:28:22.664 [main] INFO  c.b.s.topology.EVOpportunityTopology - Creating KTable join: pinnacle <-> bovada
2025-12-16 22:28:22.665 [main] INFO  c.b.s.topology.EVOpportunityTopology - Topology built successfully:
Topologies:
   Sub-topology: 0
    Source: KSTREAM-SOURCE-0000000000 (topics: [pinny-transformed])
      --> KSTREAM-KEY-SELECT-0000000001
    Processor: KSTREAM-KEY-SELECT-0000000001 (stores: [])
      --> KSTREAM-PEEK-0000000002
      <-- KSTREAM-SOURCE-0000000000
    Processor: KSTREAM-PEEK-0000000002 (stores: [])
      --> KSTREAM-FILTER-0000000005
      <-- KSTREAM-KEY-SELECT-0000000001
    Processor: KSTREAM-FILTER-0000000005 (stores: [])
      --> KSTREAM-SINK-0000000004
      <-- KSTREAM-PEEK-0000000002
    Sink: KSTREAM-SINK-0000000004 (topic: KSTREAM-TOTABLE-0000000003-repartition)
      <-- KSTREAM-FILTER-0000000005

  Sub-topology: 1
    Source: KSTREAM-SOURCE-0000000006 (topics: [KSTREAM-TOTABLE-0000000003-repartition])
      --> KSTREAM-TOTABLE-0000000003
    Processor: KSTREAM-TOTABLE-0000000003 (stores: [pinnacle-store])
      --> KTABLE-JOINTHIS-0000000023, KTABLE-JOINTHIS-0000000028
      <-- KSTREAM-SOURCE-0000000006
    Source: KSTREAM-SOURCE-0000000013 (topics: [KSTREAM-TOTABLE-0000000010-repartition])
      --> KSTREAM-TOTABLE-0000000010
    Source: KSTREAM-SOURCE-0000000020 (topics: [KSTREAM-TOTABLE-0000000017-repartition])
      --> KSTREAM-TOTABLE-0000000017
    Processor: KSTREAM-TOTABLE-0000000010 (stores: [kalshi-store])
      --> KTABLE-JOINOTHER-0000000024
      <-- KSTREAM-SOURCE-0000000013
    Processor: KSTREAM-TOTABLE-0000000017 (stores: [bovada-store])
      --> KTABLE-JOINOTHER-0000000029
      <-- KSTREAM-SOURCE-0000000020
    Processor: KTABLE-JOINOTHER-0000000024 (stores: [pinnacle-store])
      --> KTABLE-MERGE-0000000022
      <-- KSTREAM-TOTABLE-0000000010
    Processor: KTABLE-JOINOTHER-0000000029 (stores: [pinnacle-store])
      --> KTABLE-MERGE-0000000027
      <-- KSTREAM-TOTABLE-0000000017
    Processor: KTABLE-JOINTHIS-0000000023 (stores: [kalshi-store])
      --> KTABLE-MERGE-0000000022
      <-- KSTREAM-TOTABLE-0000000003
    Processor: KTABLE-JOINTHIS-0000000028 (stores: [bovada-store])
      --> KTABLE-MERGE-0000000027
      <-- KSTREAM-TOTABLE-0000000003
    Processor: KTABLE-MERGE-0000000022 (stores: [KTABLE-MERGE-STATE-STORE-0000000021])
      --> KTABLE-TOSTREAM-0000000025
      <-- KTABLE-JOINTHIS-0000000023, KTABLE-JOINOTHER-0000000024
    Processor: KTABLE-MERGE-0000000027 (stores: [KTABLE-MERGE-STATE-STORE-0000000026])
      --> KTABLE-TOSTREAM-0000000030
      <-- KTABLE-JOINTHIS-0000000028, KTABLE-JOINOTHER-0000000029
    Processor: KTABLE-TOSTREAM-0000000025 (stores: [])
      --> KSTREAM-MERGE-0000000031
      <-- KTABLE-MERGE-0000000022
    Processor: KTABLE-TOSTREAM-0000000030 (stores: [])
      --> KSTREAM-MERGE-0000000031
      <-- KTABLE-MERGE-0000000027
    Processor: KSTREAM-MERGE-0000000031 (stores: [])
      --> KSTREAM-FILTER-0000000032
      <-- KTABLE-TOSTREAM-0000000025, KTABLE-TOSTREAM-0000000030
    Processor: KSTREAM-FILTER-0000000032 (stores: [])
      --> KSTREAM-PEEK-0000000033
      <-- KSTREAM-MERGE-0000000031
    Processor: KSTREAM-PEEK-0000000033 (stores: [])
      --> KSTREAM-SINK-0000000034
      <-- KSTREAM-FILTER-0000000032
    Sink: KSTREAM-SINK-0000000034 (topic: joined-odds)
      <-- KSTREAM-PEEK-0000000033

  Sub-topology: 2
    Source: KSTREAM-SOURCE-0000000007 (topics: [kalshi-transformed])
      --> KSTREAM-KEY-SELECT-0000000008
    Processor: KSTREAM-KEY-SELECT-0000000008 (stores: [])
      --> KSTREAM-PEEK-0000000009
      <-- KSTREAM-SOURCE-0000000007
    Processor: KSTREAM-PEEK-0000000009 (stores: [])
      --> KSTREAM-FILTER-0000000012
      <-- KSTREAM-KEY-SELECT-0000000008
    Processor: KSTREAM-FILTER-0000000012 (stores: [])
      --> KSTREAM-SINK-0000000011
      <-- KSTREAM-PEEK-0000000009
    Sink: KSTREAM-SINK-0000000011 (topic: KSTREAM-TOTABLE-0000000010-repartition)
      <-- KSTREAM-FILTER-0000000012

  Sub-topology: 3
    Source: KSTREAM-SOURCE-0000000014 (topics: [bovada-transformed])
      --> KSTREAM-KEY-SELECT-0000000015
    Processor: KSTREAM-KEY-SELECT-0000000015 (stores: [])
      --> KSTREAM-PEEK-0000000016
      <-- KSTREAM-SOURCE-0000000014
    Processor: KSTREAM-PEEK-0000000016 (stores: [])
      --> KSTREAM-FILTER-0000000019
      <-- KSTREAM-KEY-SELECT-0000000015
    Processor: KSTREAM-FILTER-0000000019 (stores: [])
      --> KSTREAM-SINK-0000000018
      <-- KSTREAM-PEEK-0000000016
    Sink: KSTREAM-SINK-0000000018 (topic: KSTREAM-TOTABLE-0000000017-repartition)
      <-- KSTREAM-FILTER-0000000019


2025-12-16 22:28:22.665 [main] WARN  o.a.k.s.p.internals.StateDirectory - Using an OS temp directory in the state.dir property can cause failures with writing the checkpoint file due to the fact that this directory can be cleared by the OS. Resolved state.dir: [/tmp/kafka-streams]
]]></system-out>
  </testcase>
</testsuite>